@!@!@STARTMSG 2262:0 @!@!@
TLC2 Version 2.07 of 1 June 2015
@!@!@ENDMSG 2262 @!@!@
@!@!@STARTMSG 2187:0 @!@!@
Running in Model-Checking mode.
@!@!@ENDMSG 2187 @!@!@
@!@!@STARTMSG 2220:0 @!@!@
Starting SANY...
@!@!@ENDMSG 2220 @!@!@
Parsing file MC.tla
Parsing file IdGeneratorByteCode.tla
Parsing file /Users/balopat/dev/toolbox/plugins/org.lamport.tlatools_1.0.0.201506011130/tla2sany/StandardModules/TLC.tla
Parsing file /Users/balopat/dev/toolbox/plugins/org.lamport.tlatools_1.0.0.201506011130/tla2sany/StandardModules/Integers.tla
Parsing file /Users/balopat/dev/toolbox/plugins/org.lamport.tlatools_1.0.0.201506011130/tla2sany/StandardModules/Sequences.tla
Parsing file /Users/balopat/dev/toolbox/plugins/org.lamport.tlatools_1.0.0.201506011130/tla2sany/StandardModules/Naturals.tla
Semantic processing of module Naturals
Semantic processing of module Integers
Semantic processing of module Sequences
Semantic processing of module TLC
Semantic processing of module IdGeneratorByteCode
Semantic processing of module MC
@!@!@STARTMSG 2219:0 @!@!@
SANY finished.
@!@!@ENDMSG 2219 @!@!@
@!@!@STARTMSG 2185:0 @!@!@
Starting... (2015-12-11 09:13:31)
@!@!@ENDMSG 2185 @!@!@
<<"$!@$!@$!@$!@$!", <<4, 5, 6>>>>
@!@!@STARTMSG 2189:0 @!@!@
Computing initial states...
@!@!@ENDMSG 2189 @!@!@
@!@!@STARTMSG 2190:0 @!@!@
Finished computing initial states: 1 distinct state generated.
@!@!@ENDMSG 2190 @!@!@
@!@!@STARTMSG 2110:1 @!@!@
Invariant inv_1449843210800106000 is violated.
@!@!@ENDMSG 2110 @!@!@
@!@!@STARTMSG 2121:1 @!@!@
The behavior up to this point is:
@!@!@ENDMSG 2121 @!@!@
@!@!@STARTMSG 2217:4 @!@!@
1: <Initial predicate>
/\ pc = <<"checkLocking", "checkLocking">>
/\ returnValue = <<-1, -1>>
/\ stacks = <<<<>>, <<>>>>
/\ object = [lastId |-> 42, lock |-> 0]

@!@!@ENDMSG 2217 @!@!@
@!@!@STARTMSG 2217:4 @!@!@
2: <Action line 89, col 23 to line 93, col 68 of module IdGeneratorByteCode>
/\ pc = <<"aload0", "checkLocking">>
/\ returnValue = <<-1, -1>>
/\ stacks = <<<<>>, <<>>>>
/\ object = [lastId |-> 42, lock |-> 0]

@!@!@ENDMSG 2217 @!@!@
@!@!@STARTMSG 2217:4 @!@!@
3: <Action line 105, col 17 to line 108, col 54 of module IdGeneratorByteCode>
/\ pc = <<"dup", "checkLocking">>
/\ returnValue = <<-1, -1>>
/\ stacks = <<<<[lastId |-> 42, lock |-> 0]>>, <<>>>>
/\ object = [lastId |-> 42, lock |-> 0]

@!@!@ENDMSG 2217 @!@!@
@!@!@STARTMSG 2217:4 @!@!@
4: <Action line 110, col 14 to line 113, col 51 of module IdGeneratorByteCode>
/\ pc = <<"getfield_lastId", "checkLocking">>
/\ returnValue = <<-1, -1>>
/\ stacks = <<<<[lastId |-> 42, lock |-> 0], [lastId |-> 42, lock |-> 0]>>, <<>>>>
/\ object = [lastId |-> 42, lock |-> 0]

@!@!@ENDMSG 2217 @!@!@
@!@!@STARTMSG 2217:4 @!@!@
5: <Action line 115, col 26 to line 119, col 63 of module IdGeneratorByteCode>
/\ pc = <<"iconst_1", "checkLocking">>
/\ returnValue = <<-1, -1>>
/\ stacks = <<<<[lastId |-> 42, lock |-> 0], 42>>, <<>>>>
/\ object = [lastId |-> 42, lock |-> 0]

@!@!@ENDMSG 2217 @!@!@
@!@!@STARTMSG 2217:4 @!@!@
6: <Action line 89, col 23 to line 93, col 68 of module IdGeneratorByteCode>
/\ pc = <<"iconst_1", "aload0">>
/\ returnValue = <<-1, -1>>
/\ stacks = <<<<[lastId |-> 42, lock |-> 0], 42>>, <<>>>>
/\ object = [lastId |-> 42, lock |-> 0]

@!@!@ENDMSG 2217 @!@!@
@!@!@STARTMSG 2217:4 @!@!@
7: <Action line 121, col 19 to line 124, col 56 of module IdGeneratorByteCode>
/\ pc = <<"iadd", "aload0">>
/\ returnValue = <<-1, -1>>
/\ stacks = <<<<[lastId |-> 42, lock |-> 0], 42, 1>>, <<>>>>
/\ object = [lastId |-> 42, lock |-> 0]

@!@!@ENDMSG 2217 @!@!@
@!@!@STARTMSG 2217:4 @!@!@
8: <Action line 126, col 15 to line 131, col 52 of module IdGeneratorByteCode>
/\ pc = <<"dup_x1", "aload0">>
/\ returnValue = <<-1, -1>>
/\ stacks = <<<<[lastId |-> 42, lock |-> 0], 43>>, <<>>>>
/\ object = [lastId |-> 42, lock |-> 0]

@!@!@ENDMSG 2217 @!@!@
@!@!@STARTMSG 2217:4 @!@!@
9: <Action line 133, col 17 to line 136, col 54 of module IdGeneratorByteCode>
/\ pc = <<"putfield", "aload0">>
/\ returnValue = <<-1, -1>>
/\ stacks = <<<<43, [lastId |-> 42, lock |-> 0], 43>>, <<>>>>
/\ object = [lastId |-> 42, lock |-> 0]

@!@!@ENDMSG 2217 @!@!@
@!@!@STARTMSG 2217:4 @!@!@
10: <Action line 105, col 17 to line 108, col 54 of module IdGeneratorByteCode>
/\ pc = <<"putfield", "dup">>
/\ returnValue = <<-1, -1>>
/\ stacks = <<<<43, [lastId |-> 42, lock |-> 0], 43>>, <<[lastId |-> 42, lock |-> 0]>>>>
/\ object = [lastId |-> 42, lock |-> 0]

@!@!@ENDMSG 2217 @!@!@
@!@!@STARTMSG 2217:4 @!@!@
11: <Action line 138, col 19 to line 142, col 42 of module IdGeneratorByteCode>
/\ pc = <<"ret", "dup">>
/\ returnValue = <<-1, -1>>
/\ stacks = <<<<43>>, <<[lastId |-> 42, lock |-> 0]>>>>
/\ object = [lastId |-> 43, lock |-> 0]

@!@!@ENDMSG 2217 @!@!@
@!@!@STARTMSG 2217:4 @!@!@
12: <Action line 144, col 14 to line 150, col 32 of module IdGeneratorByteCode>
/\ pc = <<"Done", "dup">>
/\ returnValue = <<43, -1>>
/\ stacks = <<<<>>, <<[lastId |-> 42, lock |-> 0]>>>>
/\ object = [lastId |-> 43, lock |-> 0]

@!@!@ENDMSG 2217 @!@!@
@!@!@STARTMSG 2217:4 @!@!@
13: <Action line 110, col 14 to line 113, col 51 of module IdGeneratorByteCode>
/\ pc = <<"Done", "getfield_lastId">>
/\ returnValue = <<43, -1>>
/\ stacks = <<<<>>, <<[lastId |-> 42, lock |-> 0], [lastId |-> 42, lock |-> 0]>>>>
/\ object = [lastId |-> 43, lock |-> 0]

@!@!@ENDMSG 2217 @!@!@
@!@!@STARTMSG 2217:4 @!@!@
14: <Action line 115, col 26 to line 119, col 63 of module IdGeneratorByteCode>
/\ pc = <<"Done", "iconst_1">>
/\ returnValue = <<43, -1>>
/\ stacks = <<<<>>, <<[lastId |-> 42, lock |-> 0], 42>>>>
/\ object = [lastId |-> 43, lock |-> 0]

@!@!@ENDMSG 2217 @!@!@
@!@!@STARTMSG 2217:4 @!@!@
15: <Action line 121, col 19 to line 124, col 56 of module IdGeneratorByteCode>
/\ pc = <<"Done", "iadd">>
/\ returnValue = <<43, -1>>
/\ stacks = <<<<>>, <<[lastId |-> 42, lock |-> 0], 42, 1>>>>
/\ object = [lastId |-> 43, lock |-> 0]

@!@!@ENDMSG 2217 @!@!@
@!@!@STARTMSG 2217:4 @!@!@
16: <Action line 126, col 15 to line 131, col 52 of module IdGeneratorByteCode>
/\ pc = <<"Done", "dup_x1">>
/\ returnValue = <<43, -1>>
/\ stacks = <<<<>>, <<[lastId |-> 42, lock |-> 0], 43>>>>
/\ object = [lastId |-> 43, lock |-> 0]

@!@!@ENDMSG 2217 @!@!@
@!@!@STARTMSG 2217:4 @!@!@
17: <Action line 133, col 17 to line 136, col 54 of module IdGeneratorByteCode>
/\ pc = <<"Done", "putfield">>
/\ returnValue = <<43, -1>>
/\ stacks = <<<<>>, <<43, [lastId |-> 42, lock |-> 0], 43>>>>
/\ object = [lastId |-> 43, lock |-> 0]

@!@!@ENDMSG 2217 @!@!@
@!@!@STARTMSG 2217:4 @!@!@
18: <Action line 138, col 19 to line 142, col 42 of module IdGeneratorByteCode>
/\ pc = <<"Done", "ret">>
/\ returnValue = <<43, -1>>
/\ stacks = <<<<>>, <<43>>>>
/\ object = [lastId |-> 43, lock |-> 0]

@!@!@ENDMSG 2217 @!@!@
@!@!@STARTMSG 2217:4 @!@!@
19: <Action line 144, col 14 to line 150, col 32 of module IdGeneratorByteCode>
/\ pc = <<"Done", "Done">>
/\ returnValue = <<43, 43>>
/\ stacks = <<<<>>, <<>>>>
/\ object = [lastId |-> 43, lock |-> 0]

@!@!@ENDMSG 2217 @!@!@
@!@!@STARTMSG 2201:0 @!@!@
The coverage statistics at 2015-12-11 09:13:31
@!@!@ENDMSG 2201 @!@!@
@!@!@STARTMSG 2221:0 @!@!@
  line 101, col 18 to line 101, col 56 of module IdGeneratorByteCode: 0
@!@!@ENDMSG 2221 @!@!@
@!@!@STARTMSG 2221:0 @!@!@
  line 102, col 18 to line 102, col 53 of module IdGeneratorByteCode: 0
@!@!@ENDMSG 2221 @!@!@
@!@!@STARTMSG 2221:0 @!@!@
  line 103, col 31 to line 103, col 36 of module IdGeneratorByteCode: 0
@!@!@ENDMSG 2221 @!@!@
@!@!@STARTMSG 2221:0 @!@!@
  line 103, col 39 to line 103, col 49 of module IdGeneratorByteCode: 0
@!@!@ENDMSG 2221 @!@!@
@!@!@STARTMSG 2221:0 @!@!@
  line 106, col 20 to line 106, col 83 of module IdGeneratorByteCode: 20
@!@!@ENDMSG 2221 @!@!@
@!@!@STARTMSG 2221:0 @!@!@
  line 107, col 20 to line 107, col 52 of module IdGeneratorByteCode: 20
@!@!@ENDMSG 2221 @!@!@
@!@!@STARTMSG 2221:0 @!@!@
  line 108, col 33 to line 108, col 38 of module IdGeneratorByteCode: 20
@!@!@ENDMSG 2221 @!@!@
@!@!@STARTMSG 2221:0 @!@!@
  line 108, col 41 to line 108, col 51 of module IdGeneratorByteCode: 20
@!@!@ENDMSG 2221 @!@!@
@!@!@STARTMSG 2221:0 @!@!@
  line 111, col 17 to line 111, col 92 of module IdGeneratorByteCode: 24
@!@!@ENDMSG 2221 @!@!@
@!@!@STARTMSG 2221:0 @!@!@
  line 112, col 17 to line 112, col 61 of module IdGeneratorByteCode: 24
@!@!@ENDMSG 2221 @!@!@
@!@!@STARTMSG 2221:0 @!@!@
  line 113, col 30 to line 113, col 35 of module IdGeneratorByteCode: 24
@!@!@ENDMSG 2221 @!@!@
@!@!@STARTMSG 2221:0 @!@!@
  line 113, col 38 to line 113, col 48 of module IdGeneratorByteCode: 24
@!@!@ENDMSG 2221 @!@!@
@!@!@STARTMSG 2221:0 @!@!@
  line 117, col 31 to line 117, col 99 of module IdGeneratorByteCode: 24
@!@!@ENDMSG 2221 @!@!@
@!@!@STARTMSG 2221:0 @!@!@
  line 118, col 29 to line 118, col 66 of module IdGeneratorByteCode: 24
@!@!@ENDMSG 2221 @!@!@
@!@!@STARTMSG 2221:0 @!@!@
  line 119, col 42 to line 119, col 47 of module IdGeneratorByteCode: 24
@!@!@ENDMSG 2221 @!@!@
@!@!@STARTMSG 2221:0 @!@!@
  line 119, col 50 to line 119, col 60 of module IdGeneratorByteCode: 24
@!@!@ENDMSG 2221 @!@!@
@!@!@STARTMSG 2221:0 @!@!@
  line 122, col 22 to line 122, col 80 of module IdGeneratorByteCode: 24
@!@!@ENDMSG 2221 @!@!@
@!@!@STARTMSG 2221:0 @!@!@
  line 123, col 22 to line 123, col 55 of module IdGeneratorByteCode: 24
@!@!@ENDMSG 2221 @!@!@
@!@!@STARTMSG 2221:0 @!@!@
  line 124, col 35 to line 124, col 40 of module IdGeneratorByteCode: 24
@!@!@ENDMSG 2221 @!@!@
@!@!@STARTMSG 2221:0 @!@!@
  line 124, col 43 to line 124, col 53 of module IdGeneratorByteCode: 24
@!@!@ENDMSG 2221 @!@!@
@!@!@STARTMSG 2221:0 @!@!@
  line 129, col 22 to line 129, col 93 of module IdGeneratorByteCode: 24
@!@!@ENDMSG 2221 @!@!@
@!@!@STARTMSG 2221:0 @!@!@
  line 130, col 18 to line 130, col 53 of module IdGeneratorByteCode: 24
@!@!@ENDMSG 2221 @!@!@
@!@!@STARTMSG 2221:0 @!@!@
  line 131, col 31 to line 131, col 36 of module IdGeneratorByteCode: 24
@!@!@ENDMSG 2221 @!@!@
@!@!@STARTMSG 2221:0 @!@!@
  line 131, col 39 to line 131, col 49 of module IdGeneratorByteCode: 24
@!@!@ENDMSG 2221 @!@!@
@!@!@STARTMSG 2221:0 @!@!@
  line 134, col 20 to line 134, col 93 of module IdGeneratorByteCode: 24
@!@!@ENDMSG 2221 @!@!@
@!@!@STARTMSG 2221:0 @!@!@
  line 135, col 20 to line 135, col 57 of module IdGeneratorByteCode: 24
@!@!@ENDMSG 2221 @!@!@
@!@!@STARTMSG 2221:0 @!@!@
  line 136, col 33 to line 136, col 38 of module IdGeneratorByteCode: 24
@!@!@ENDMSG 2221 @!@!@
@!@!@STARTMSG 2221:0 @!@!@
  line 136, col 41 to line 136, col 51 of module IdGeneratorByteCode: 24
@!@!@ENDMSG 2221 @!@!@
@!@!@STARTMSG 2221:0 @!@!@
  line 139, col 22 to line 139, col 76 of module IdGeneratorByteCode: 24
@!@!@ENDMSG 2221 @!@!@
@!@!@STARTMSG 2221:0 @!@!@
  line 140, col 22 to line 140, col 79 of module IdGeneratorByteCode: 24
@!@!@ENDMSG 2221 @!@!@
@!@!@STARTMSG 2221:0 @!@!@
  line 141, col 22 to line 141, col 54 of module IdGeneratorByteCode: 24
@!@!@ENDMSG 2221 @!@!@
@!@!@STARTMSG 2221:0 @!@!@
  line 142, col 32 to line 142, col 42 of module IdGeneratorByteCode: 24
@!@!@ENDMSG 2221 @!@!@
@!@!@STARTMSG 2221:0 @!@!@
  line 145, col 17 to line 145, col 80 of module IdGeneratorByteCode: 36
@!@!@ENDMSG 2221 @!@!@
@!@!@STARTMSG 2221:0 @!@!@
  line 146, col 17 to line 146, col 69 of module IdGeneratorByteCode: 36
@!@!@ENDMSG 2221 @!@!@
@!@!@STARTMSG 2221:0 @!@!@
  line 148, col 28 to line 148, col 63 of module IdGeneratorByteCode: 0
@!@!@ENDMSG 2221 @!@!@
@!@!@STARTMSG 2221:0 @!@!@
  line 149, col 28 to line 149, col 61 of module IdGeneratorByteCode: 36
@!@!@ENDMSG 2221 @!@!@
@!@!@STARTMSG 2221:0 @!@!@
  line 150, col 27 to line 150, col 32 of module IdGeneratorByteCode: 36
@!@!@ENDMSG 2221 @!@!@
@!@!@STARTMSG 2221:0 @!@!@
  line 153, col 20 to line 153, col 55 of module IdGeneratorByteCode: 0
@!@!@ENDMSG 2221 @!@!@
@!@!@STARTMSG 2221:0 @!@!@
  line 154, col 20 to line 154, col 53 of module IdGeneratorByteCode: 0
@!@!@ENDMSG 2221 @!@!@
@!@!@STARTMSG 2221:0 @!@!@
  line 155, col 33 to line 155, col 38 of module IdGeneratorByteCode: 0
@!@!@ENDMSG 2221 @!@!@
@!@!@STARTMSG 2221:0 @!@!@
  line 155, col 41 to line 155, col 51 of module IdGeneratorByteCode: 0
@!@!@ENDMSG 2221 @!@!@
@!@!@STARTMSG 2221:0 @!@!@
  line 79, col 12 to line 79, col 17 of module IdGeneratorByteCode: 0
@!@!@ENDMSG 2221 @!@!@
@!@!@STARTMSG 2221:0 @!@!@
  line 79, col 20 to line 79, col 25 of module IdGeneratorByteCode: 0
@!@!@ENDMSG 2221 @!@!@
@!@!@STARTMSG 2221:0 @!@!@
  line 79, col 28 to line 79, col 38 of module IdGeneratorByteCode: 0
@!@!@ENDMSG 2221 @!@!@
@!@!@STARTMSG 2221:0 @!@!@
  line 79, col 41 to line 79, col 42 of module IdGeneratorByteCode: 0
@!@!@ENDMSG 2221 @!@!@
@!@!@STARTMSG 2221:0 @!@!@
  line 91, col 37 to line 91, col 77 of module IdGeneratorByteCode: 0
@!@!@ENDMSG 2221 @!@!@
@!@!@STARTMSG 2221:0 @!@!@
  line 92, col 37 to line 92, col 72 of module IdGeneratorByteCode: 20
@!@!@ENDMSG 2221 @!@!@
@!@!@STARTMSG 2221:0 @!@!@
  line 93, col 39 to line 93, col 44 of module IdGeneratorByteCode: 20
@!@!@ENDMSG 2221 @!@!@
@!@!@STARTMSG 2221:0 @!@!@
  line 93, col 47 to line 93, col 52 of module IdGeneratorByteCode: 20
@!@!@ENDMSG 2221 @!@!@
@!@!@STARTMSG 2221:0 @!@!@
  line 93, col 55 to line 93, col 65 of module IdGeneratorByteCode: 20
@!@!@ENDMSG 2221 @!@!@
@!@!@STARTMSG 2221:0 @!@!@
  line 97, col 25 to line 97, col 58 of module IdGeneratorByteCode: 0
@!@!@ENDMSG 2221 @!@!@
@!@!@STARTMSG 2221:0 @!@!@
  line 98, col 38 to line 98, col 43 of module IdGeneratorByteCode: 0
@!@!@ENDMSG 2221 @!@!@
@!@!@STARTMSG 2221:0 @!@!@
  line 98, col 46 to line 98, col 51 of module IdGeneratorByteCode: 0
@!@!@ENDMSG 2221 @!@!@
@!@!@STARTMSG 2221:0 @!@!@
  line 98, col 54 to line 98, col 64 of module IdGeneratorByteCode: 0
@!@!@ENDMSG 2221 @!@!@
@!@!@STARTMSG 2202:0 @!@!@
End of statistics.
@!@!@ENDMSG 2202 @!@!@
@!@!@STARTMSG 2200:0 @!@!@
Progress(18) at 2015-12-11 09:13:31: 221 states generated (108,688 s/min), 130 distinct states found (63,934 ds/min), 4 states left on queue.
@!@!@ENDMSG 2200 @!@!@
@!@!@STARTMSG 2199:0 @!@!@
221 states generated, 130 distinct states found, 4 states left on queue.
@!@!@ENDMSG 2199 @!@!@
@!@!@STARTMSG 2194:0 @!@!@
The depth of the complete state graph search is 18.
@!@!@ENDMSG 2194 @!@!@
@!@!@STARTMSG 2186:0 @!@!@
Finished. (2015-12-11 09:13:31)
@!@!@ENDMSG 2186 @!@!@
