@!@!@STARTMSG 2262:0 @!@!@
TLC2 Version 2.07 of 1 June 2015
@!@!@ENDMSG 2262 @!@!@
@!@!@STARTMSG 2187:0 @!@!@
Running in Model-Checking mode.
@!@!@ENDMSG 2187 @!@!@
@!@!@STARTMSG 2220:0 @!@!@
Starting SANY...
@!@!@ENDMSG 2220 @!@!@
Parsing file MC.tla
Parsing file IdGeneratorByteCode.tla
Parsing file /Users/balopat/dev/toolbox/plugins/org.lamport.tlatools_1.0.0.201506011130/tla2sany/StandardModules/TLC.tla
Parsing file /Users/balopat/dev/toolbox/plugins/org.lamport.tlatools_1.0.0.201506011130/tla2sany/StandardModules/Integers.tla
Parsing file /Users/balopat/dev/toolbox/plugins/org.lamport.tlatools_1.0.0.201506011130/tla2sany/StandardModules/Sequences.tla
Parsing file /Users/balopat/dev/toolbox/plugins/org.lamport.tlatools_1.0.0.201506011130/tla2sany/StandardModules/Naturals.tla
Semantic processing of module Naturals
Semantic processing of module Integers
Semantic processing of module Sequences
Semantic processing of module TLC
Semantic processing of module IdGeneratorByteCode
Semantic processing of module MC
@!@!@STARTMSG 2219:0 @!@!@
SANY finished.
@!@!@ENDMSG 2219 @!@!@
@!@!@STARTMSG 2185:0 @!@!@
Starting... (2015-12-11 08:57:40)
@!@!@ENDMSG 2185 @!@!@
<<"$!@$!@$!@$!@$!", <<4, 5, 6>>>>
@!@!@STARTMSG 2189:0 @!@!@
Computing initial states...
@!@!@ENDMSG 2189 @!@!@
@!@!@STARTMSG 2190:0 @!@!@
Finished computing initial states: 1 distinct state generated.
@!@!@ENDMSG 2190 @!@!@
@!@!@STARTMSG 2193:0 @!@!@
Model checking completed. No error has been found.
  Estimates of the probability that TLC did not check all reachable states
  because two distinct states had the same fingerprint:
  calculated (optimistic):  val = 4.9E-19
  based on the actual fingerprints:  val = 1.1E-17
@!@!@ENDMSG 2193 @!@!@
@!@!@STARTMSG 2201:0 @!@!@
The coverage statistics at 2015-12-11 08:57:40
@!@!@ENDMSG 2201 @!@!@
@!@!@STARTMSG 2221:0 @!@!@
  line 100, col 22 to line 100, col 55 of module IdGeneratorByteCode: 1
@!@!@ENDMSG 2221 @!@!@
@!@!@STARTMSG 2221:0 @!@!@
  line 101, col 35 to line 101, col 40 of module IdGeneratorByteCode: 1
@!@!@ENDMSG 2221 @!@!@
@!@!@STARTMSG 2221:0 @!@!@
  line 101, col 43 to line 101, col 53 of module IdGeneratorByteCode: 1
@!@!@ENDMSG 2221 @!@!@
@!@!@STARTMSG 2221:0 @!@!@
  line 106, col 22 to line 106, col 93 of module IdGeneratorByteCode: 1
@!@!@ENDMSG 2221 @!@!@
@!@!@STARTMSG 2221:0 @!@!@
  line 107, col 18 to line 107, col 53 of module IdGeneratorByteCode: 1
@!@!@ENDMSG 2221 @!@!@
@!@!@STARTMSG 2221:0 @!@!@
  line 108, col 31 to line 108, col 36 of module IdGeneratorByteCode: 1
@!@!@ENDMSG 2221 @!@!@
@!@!@STARTMSG 2221:0 @!@!@
  line 108, col 39 to line 108, col 49 of module IdGeneratorByteCode: 1
@!@!@ENDMSG 2221 @!@!@
@!@!@STARTMSG 2221:0 @!@!@
  line 111, col 20 to line 111, col 93 of module IdGeneratorByteCode: 1
@!@!@ENDMSG 2221 @!@!@
@!@!@STARTMSG 2221:0 @!@!@
  line 112, col 20 to line 112, col 57 of module IdGeneratorByteCode: 1
@!@!@ENDMSG 2221 @!@!@
@!@!@STARTMSG 2221:0 @!@!@
  line 113, col 33 to line 113, col 38 of module IdGeneratorByteCode: 1
@!@!@ENDMSG 2221 @!@!@
@!@!@STARTMSG 2221:0 @!@!@
  line 113, col 41 to line 113, col 51 of module IdGeneratorByteCode: 1
@!@!@ENDMSG 2221 @!@!@
@!@!@STARTMSG 2221:0 @!@!@
  line 116, col 22 to line 116, col 76 of module IdGeneratorByteCode: 1
@!@!@ENDMSG 2221 @!@!@
@!@!@STARTMSG 2221:0 @!@!@
  line 117, col 22 to line 117, col 79 of module IdGeneratorByteCode: 1
@!@!@ENDMSG 2221 @!@!@
@!@!@STARTMSG 2221:0 @!@!@
  line 118, col 22 to line 118, col 54 of module IdGeneratorByteCode: 1
@!@!@ENDMSG 2221 @!@!@
@!@!@STARTMSG 2221:0 @!@!@
  line 119, col 32 to line 119, col 42 of module IdGeneratorByteCode: 1
@!@!@ENDMSG 2221 @!@!@
@!@!@STARTMSG 2221:0 @!@!@
  line 122, col 17 to line 122, col 80 of module IdGeneratorByteCode: 1
@!@!@ENDMSG 2221 @!@!@
@!@!@STARTMSG 2221:0 @!@!@
  line 123, col 17 to line 123, col 69 of module IdGeneratorByteCode: 1
@!@!@ENDMSG 2221 @!@!@
@!@!@STARTMSG 2221:0 @!@!@
  line 124, col 17 to line 124, col 50 of module IdGeneratorByteCode: 1
@!@!@ENDMSG 2221 @!@!@
@!@!@STARTMSG 2221:0 @!@!@
  line 125, col 27 to line 125, col 32 of module IdGeneratorByteCode: 1
@!@!@ENDMSG 2221 @!@!@
@!@!@STARTMSG 2221:0 @!@!@
  line 72, col 12 to line 72, col 17 of module IdGeneratorByteCode: 1
@!@!@ENDMSG 2221 @!@!@
@!@!@STARTMSG 2221:0 @!@!@
  line 72, col 20 to line 72, col 25 of module IdGeneratorByteCode: 1
@!@!@ENDMSG 2221 @!@!@
@!@!@STARTMSG 2221:0 @!@!@
  line 72, col 28 to line 72, col 38 of module IdGeneratorByteCode: 1
@!@!@ENDMSG 2221 @!@!@
@!@!@STARTMSG 2221:0 @!@!@
  line 72, col 41 to line 72, col 42 of module IdGeneratorByteCode: 1
@!@!@ENDMSG 2221 @!@!@
@!@!@STARTMSG 2221:0 @!@!@
  line 83, col 20 to line 83, col 83 of module IdGeneratorByteCode: 1
@!@!@ENDMSG 2221 @!@!@
@!@!@STARTMSG 2221:0 @!@!@
  line 84, col 20 to line 84, col 52 of module IdGeneratorByteCode: 1
@!@!@ENDMSG 2221 @!@!@
@!@!@STARTMSG 2221:0 @!@!@
  line 85, col 33 to line 85, col 38 of module IdGeneratorByteCode: 1
@!@!@ENDMSG 2221 @!@!@
@!@!@STARTMSG 2221:0 @!@!@
  line 85, col 41 to line 85, col 51 of module IdGeneratorByteCode: 1
@!@!@ENDMSG 2221 @!@!@
@!@!@STARTMSG 2221:0 @!@!@
  line 88, col 17 to line 88, col 92 of module IdGeneratorByteCode: 1
@!@!@ENDMSG 2221 @!@!@
@!@!@STARTMSG 2221:0 @!@!@
  line 89, col 17 to line 89, col 61 of module IdGeneratorByteCode: 1
@!@!@ENDMSG 2221 @!@!@
@!@!@STARTMSG 2221:0 @!@!@
  line 90, col 30 to line 90, col 35 of module IdGeneratorByteCode: 1
@!@!@ENDMSG 2221 @!@!@
@!@!@STARTMSG 2221:0 @!@!@
  line 90, col 38 to line 90, col 48 of module IdGeneratorByteCode: 1
@!@!@ENDMSG 2221 @!@!@
@!@!@STARTMSG 2221:0 @!@!@
  line 94, col 31 to line 94, col 99 of module IdGeneratorByteCode: 1
@!@!@ENDMSG 2221 @!@!@
@!@!@STARTMSG 2221:0 @!@!@
  line 95, col 29 to line 95, col 66 of module IdGeneratorByteCode: 1
@!@!@ENDMSG 2221 @!@!@
@!@!@STARTMSG 2221:0 @!@!@
  line 96, col 42 to line 96, col 47 of module IdGeneratorByteCode: 1
@!@!@ENDMSG 2221 @!@!@
@!@!@STARTMSG 2221:0 @!@!@
  line 96, col 50 to line 96, col 60 of module IdGeneratorByteCode: 1
@!@!@ENDMSG 2221 @!@!@
@!@!@STARTMSG 2221:0 @!@!@
  line 99, col 22 to line 99, col 80 of module IdGeneratorByteCode: 1
@!@!@ENDMSG 2221 @!@!@
@!@!@STARTMSG 2202:0 @!@!@
End of statistics.
@!@!@ENDMSG 2202 @!@!@
@!@!@STARTMSG 2200:0 @!@!@
Progress(9) at 2015-12-11 08:57:40: 10 states generated (4,800 s/min), 9 distinct states found (4,320 ds/min), 0 states left on queue.
@!@!@ENDMSG 2200 @!@!@
@!@!@STARTMSG 2199:0 @!@!@
10 states generated, 9 distinct states found, 0 states left on queue.
@!@!@ENDMSG 2199 @!@!@
@!@!@STARTMSG 2194:0 @!@!@
The depth of the complete state graph search is 9.
@!@!@ENDMSG 2194 @!@!@
@!@!@STARTMSG 2186:0 @!@!@
Finished. (2015-12-11 08:57:40)
@!@!@ENDMSG 2186 @!@!@
