@!@!@STARTMSG 2262:0 @!@!@
TLC2 Version 2.07 of 1 June 2015
@!@!@ENDMSG 2262 @!@!@
@!@!@STARTMSG 2187:0 @!@!@
Running in Model-Checking mode.
@!@!@ENDMSG 2187 @!@!@
@!@!@STARTMSG 2220:0 @!@!@
Starting SANY...
@!@!@ENDMSG 2220 @!@!@
Parsing file MC.tla
Parsing file IdGeneratorByteCode.tla
Parsing file /Users/balopat/dev/toolbox/plugins/org.lamport.tlatools_1.0.0.201506011130/tla2sany/StandardModules/TLC.tla
Parsing file /Users/balopat/dev/toolbox/plugins/org.lamport.tlatools_1.0.0.201506011130/tla2sany/StandardModules/Integers.tla
Parsing file /Users/balopat/dev/toolbox/plugins/org.lamport.tlatools_1.0.0.201506011130/tla2sany/StandardModules/Sequences.tla
Parsing file /Users/balopat/dev/toolbox/plugins/org.lamport.tlatools_1.0.0.201506011130/tla2sany/StandardModules/Naturals.tla
Semantic processing of module Naturals
Semantic processing of module Integers
Semantic processing of module Sequences
Semantic processing of module TLC
Semantic processing of module IdGeneratorByteCode
Semantic processing of module MC
@!@!@STARTMSG 2219:0 @!@!@
SANY finished.
@!@!@ENDMSG 2219 @!@!@
@!@!@STARTMSG 2185:0 @!@!@
Starting... (2015-12-13 12:50:06)
@!@!@ENDMSG 2185 @!@!@
<<"$!@$!@$!@$!@$!", <<4, 5, 6>>>>
@!@!@STARTMSG 2189:0 @!@!@
Computing initial states...
@!@!@ENDMSG 2189 @!@!@
@!@!@STARTMSG 2190:0 @!@!@
Finished computing initial states: 1 distinct state generated.
@!@!@ENDMSG 2190 @!@!@
@!@!@STARTMSG 2110:1 @!@!@
Invariant inv_1450029005722180000 is violated.
@!@!@ENDMSG 2110 @!@!@
@!@!@STARTMSG 2121:1 @!@!@
The behavior up to this point is:
@!@!@ENDMSG 2121 @!@!@
@!@!@STARTMSG 2217:4 @!@!@
1: <Initial predicate>
/\ returnValue = <<-1, -1>>
/\ stacks = <<<<>>, <<>>>>
/\ pc = <<"checkLocking", "checkLocking">>
/\ this = [lastId |-> 42, lock |-> 0]

@!@!@ENDMSG 2217 @!@!@
@!@!@STARTMSG 2217:4 @!@!@
2: <Action line 90, col 23 to line 94, col 66 of module IdGeneratorByteCode>
/\ returnValue = <<-1, -1>>
/\ stacks = <<<<>>, <<>>>>
/\ pc = <<"aload0", "checkLocking">>
/\ this = [lastId |-> 42, lock |-> 0]

@!@!@ENDMSG 2217 @!@!@
@!@!@STARTMSG 2217:4 @!@!@
3: <Action line 90, col 23 to line 94, col 66 of module IdGeneratorByteCode>
/\ returnValue = <<-1, -1>>
/\ stacks = <<<<>>, <<>>>>
/\ pc = <<"aload0", "aload0">>
/\ this = [lastId |-> 42, lock |-> 0]

@!@!@ENDMSG 2217 @!@!@
@!@!@STARTMSG 2217:4 @!@!@
4: <Action line 102, col 17 to line 105, col 52 of module IdGeneratorByteCode>
/\ returnValue = <<-1, -1>>
/\ stacks = <<<<[lastId |-> 42, lock |-> 0]>>, <<>>>>
/\ pc = <<"dup", "aload0">>
/\ this = [lastId |-> 42, lock |-> 0]

@!@!@ENDMSG 2217 @!@!@
@!@!@STARTMSG 2217:4 @!@!@
5: <Action line 107, col 14 to line 110, col 49 of module IdGeneratorByteCode>
/\ returnValue = <<-1, -1>>
/\ stacks = <<<<[lastId |-> 42, lock |-> 0], [lastId |-> 42, lock |-> 0]>>, <<>>>>
/\ pc = <<"getfield_lastId", "aload0">>
/\ this = [lastId |-> 42, lock |-> 0]

@!@!@ENDMSG 2217 @!@!@
@!@!@STARTMSG 2217:4 @!@!@
6: <Action line 112, col 26 to line 116, col 61 of module IdGeneratorByteCode>
/\ returnValue = <<-1, -1>>
/\ stacks = <<<<[lastId |-> 42, lock |-> 0], 42>>, <<>>>>
/\ pc = <<"iconst_1", "aload0">>
/\ this = [lastId |-> 42, lock |-> 0]

@!@!@ENDMSG 2217 @!@!@
@!@!@STARTMSG 2217:4 @!@!@
7: <Action line 118, col 19 to line 121, col 54 of module IdGeneratorByteCode>
/\ returnValue = <<-1, -1>>
/\ stacks = <<<<[lastId |-> 42, lock |-> 0], 42, 1>>, <<>>>>
/\ pc = <<"iadd", "aload0">>
/\ this = [lastId |-> 42, lock |-> 0]

@!@!@ENDMSG 2217 @!@!@
@!@!@STARTMSG 2217:4 @!@!@
8: <Action line 123, col 15 to line 128, col 50 of module IdGeneratorByteCode>
/\ returnValue = <<-1, -1>>
/\ stacks = <<<<[lastId |-> 42, lock |-> 0], 43>>, <<>>>>
/\ pc = <<"dup_x1", "aload0">>
/\ this = [lastId |-> 42, lock |-> 0]

@!@!@ENDMSG 2217 @!@!@
@!@!@STARTMSG 2217:4 @!@!@
9: <Action line 102, col 17 to line 105, col 52 of module IdGeneratorByteCode>
/\ returnValue = <<-1, -1>>
/\ stacks = <<<<[lastId |-> 42, lock |-> 0], 43>>, <<[lastId |-> 42, lock |-> 0]>>>>
/\ pc = <<"dup_x1", "dup">>
/\ this = [lastId |-> 42, lock |-> 0]

@!@!@ENDMSG 2217 @!@!@
@!@!@STARTMSG 2217:4 @!@!@
10: <Action line 130, col 17 to line 133, col 52 of module IdGeneratorByteCode>
/\ returnValue = <<-1, -1>>
/\ stacks = <<<<43, [lastId |-> 42, lock |-> 0], 43>>, <<[lastId |-> 42, lock |-> 0]>>>>
/\ pc = <<"putfield", "dup">>
/\ this = [lastId |-> 42, lock |-> 0]

@!@!@ENDMSG 2217 @!@!@
@!@!@STARTMSG 2217:4 @!@!@
11: <Action line 135, col 19 to line 139, col 42 of module IdGeneratorByteCode>
/\ returnValue = <<-1, -1>>
/\ stacks = <<<<43>>, <<[lastId |-> 42, lock |-> 0]>>>>
/\ pc = <<"ret", "dup">>
/\ this = [lastId |-> 43, lock |-> 0]

@!@!@ENDMSG 2217 @!@!@
@!@!@STARTMSG 2217:4 @!@!@
12: <Action line 141, col 14 to line 147, col 28 of module IdGeneratorByteCode>
/\ returnValue = <<43, -1>>
/\ stacks = <<<<>>, <<[lastId |-> 42, lock |-> 0]>>>>
/\ pc = <<"Done", "dup">>
/\ this = [lastId |-> 43, lock |-> 0]

@!@!@ENDMSG 2217 @!@!@
@!@!@STARTMSG 2217:4 @!@!@
13: <Action line 107, col 14 to line 110, col 49 of module IdGeneratorByteCode>
/\ returnValue = <<43, -1>>
/\ stacks = <<<<>>, <<[lastId |-> 42, lock |-> 0], [lastId |-> 42, lock |-> 0]>>>>
/\ pc = <<"Done", "getfield_lastId">>
/\ this = [lastId |-> 43, lock |-> 0]

@!@!@ENDMSG 2217 @!@!@
@!@!@STARTMSG 2217:4 @!@!@
14: <Action line 112, col 26 to line 116, col 61 of module IdGeneratorByteCode>
/\ returnValue = <<43, -1>>
/\ stacks = <<<<>>, <<[lastId |-> 42, lock |-> 0], 42>>>>
/\ pc = <<"Done", "iconst_1">>
/\ this = [lastId |-> 43, lock |-> 0]

@!@!@ENDMSG 2217 @!@!@
@!@!@STARTMSG 2217:4 @!@!@
15: <Action line 118, col 19 to line 121, col 54 of module IdGeneratorByteCode>
/\ returnValue = <<43, -1>>
/\ stacks = <<<<>>, <<[lastId |-> 42, lock |-> 0], 42, 1>>>>
/\ pc = <<"Done", "iadd">>
/\ this = [lastId |-> 43, lock |-> 0]

@!@!@ENDMSG 2217 @!@!@
@!@!@STARTMSG 2217:4 @!@!@
16: <Action line 123, col 15 to line 128, col 50 of module IdGeneratorByteCode>
/\ returnValue = <<43, -1>>
/\ stacks = <<<<>>, <<[lastId |-> 42, lock |-> 0], 43>>>>
/\ pc = <<"Done", "dup_x1">>
/\ this = [lastId |-> 43, lock |-> 0]

@!@!@ENDMSG 2217 @!@!@
@!@!@STARTMSG 2217:4 @!@!@
17: <Action line 130, col 17 to line 133, col 52 of module IdGeneratorByteCode>
/\ returnValue = <<43, -1>>
/\ stacks = <<<<>>, <<43, [lastId |-> 42, lock |-> 0], 43>>>>
/\ pc = <<"Done", "putfield">>
/\ this = [lastId |-> 43, lock |-> 0]

@!@!@ENDMSG 2217 @!@!@
@!@!@STARTMSG 2217:4 @!@!@
18: <Action line 135, col 19 to line 139, col 42 of module IdGeneratorByteCode>
/\ returnValue = <<43, -1>>
/\ stacks = <<<<>>, <<43>>>>
/\ pc = <<"Done", "ret">>
/\ this = [lastId |-> 43, lock |-> 0]

@!@!@ENDMSG 2217 @!@!@
@!@!@STARTMSG 2217:4 @!@!@
19: <Action line 141, col 14 to line 147, col 28 of module IdGeneratorByteCode>
/\ returnValue = <<43, 43>>
/\ stacks = <<<<>>, <<>>>>
/\ pc = <<"Done", "Done">>
/\ this = [lastId |-> 43, lock |-> 0]

@!@!@ENDMSG 2217 @!@!@
@!@!@STARTMSG 2201:0 @!@!@
The coverage statistics at 2015-12-13 12:50:06
@!@!@ENDMSG 2201 @!@!@
@!@!@STARTMSG 2221:0 @!@!@
  line 100, col 38 to line 100, col 43 of module IdGeneratorByteCode: 0
@!@!@ENDMSG 2221 @!@!@
@!@!@STARTMSG 2221:0 @!@!@
  line 100, col 46 to line 100, col 56 of module IdGeneratorByteCode: 0
@!@!@ENDMSG 2221 @!@!@
@!@!@STARTMSG 2221:0 @!@!@
  line 103, col 20 to line 103, col 81 of module IdGeneratorByteCode: 20
@!@!@ENDMSG 2221 @!@!@
@!@!@STARTMSG 2221:0 @!@!@
  line 104, col 20 to line 104, col 52 of module IdGeneratorByteCode: 20
@!@!@ENDMSG 2221 @!@!@
@!@!@STARTMSG 2221:0 @!@!@
  line 105, col 33 to line 105, col 36 of module IdGeneratorByteCode: 20
@!@!@ENDMSG 2221 @!@!@
@!@!@STARTMSG 2221:0 @!@!@
  line 105, col 39 to line 105, col 49 of module IdGeneratorByteCode: 20
@!@!@ENDMSG 2221 @!@!@
@!@!@STARTMSG 2221:0 @!@!@
  line 108, col 17 to line 108, col 92 of module IdGeneratorByteCode: 24
@!@!@ENDMSG 2221 @!@!@
@!@!@STARTMSG 2221:0 @!@!@
  line 109, col 17 to line 109, col 61 of module IdGeneratorByteCode: 24
@!@!@ENDMSG 2221 @!@!@
@!@!@STARTMSG 2221:0 @!@!@
  line 110, col 30 to line 110, col 33 of module IdGeneratorByteCode: 24
@!@!@ENDMSG 2221 @!@!@
@!@!@STARTMSG 2221:0 @!@!@
  line 110, col 36 to line 110, col 46 of module IdGeneratorByteCode: 24
@!@!@ENDMSG 2221 @!@!@
@!@!@STARTMSG 2221:0 @!@!@
  line 114, col 31 to line 114, col 99 of module IdGeneratorByteCode: 24
@!@!@ENDMSG 2221 @!@!@
@!@!@STARTMSG 2221:0 @!@!@
  line 115, col 29 to line 115, col 66 of module IdGeneratorByteCode: 24
@!@!@ENDMSG 2221 @!@!@
@!@!@STARTMSG 2221:0 @!@!@
  line 116, col 42 to line 116, col 45 of module IdGeneratorByteCode: 24
@!@!@ENDMSG 2221 @!@!@
@!@!@STARTMSG 2221:0 @!@!@
  line 116, col 48 to line 116, col 58 of module IdGeneratorByteCode: 24
@!@!@ENDMSG 2221 @!@!@
@!@!@STARTMSG 2221:0 @!@!@
  line 119, col 22 to line 119, col 80 of module IdGeneratorByteCode: 24
@!@!@ENDMSG 2221 @!@!@
@!@!@STARTMSG 2221:0 @!@!@
  line 120, col 22 to line 120, col 55 of module IdGeneratorByteCode: 24
@!@!@ENDMSG 2221 @!@!@
@!@!@STARTMSG 2221:0 @!@!@
  line 121, col 35 to line 121, col 38 of module IdGeneratorByteCode: 24
@!@!@ENDMSG 2221 @!@!@
@!@!@STARTMSG 2221:0 @!@!@
  line 121, col 41 to line 121, col 51 of module IdGeneratorByteCode: 24
@!@!@ENDMSG 2221 @!@!@
@!@!@STARTMSG 2221:0 @!@!@
  line 126, col 22 to line 126, col 93 of module IdGeneratorByteCode: 24
@!@!@ENDMSG 2221 @!@!@
@!@!@STARTMSG 2221:0 @!@!@
  line 127, col 18 to line 127, col 53 of module IdGeneratorByteCode: 24
@!@!@ENDMSG 2221 @!@!@
@!@!@STARTMSG 2221:0 @!@!@
  line 128, col 31 to line 128, col 34 of module IdGeneratorByteCode: 24
@!@!@ENDMSG 2221 @!@!@
@!@!@STARTMSG 2221:0 @!@!@
  line 128, col 37 to line 128, col 47 of module IdGeneratorByteCode: 24
@!@!@ENDMSG 2221 @!@!@
@!@!@STARTMSG 2221:0 @!@!@
  line 131, col 20 to line 131, col 93 of module IdGeneratorByteCode: 24
@!@!@ENDMSG 2221 @!@!@
@!@!@STARTMSG 2221:0 @!@!@
  line 132, col 20 to line 132, col 57 of module IdGeneratorByteCode: 24
@!@!@ENDMSG 2221 @!@!@
@!@!@STARTMSG 2221:0 @!@!@
  line 133, col 33 to line 133, col 36 of module IdGeneratorByteCode: 24
@!@!@ENDMSG 2221 @!@!@
@!@!@STARTMSG 2221:0 @!@!@
  line 133, col 39 to line 133, col 49 of module IdGeneratorByteCode: 24
@!@!@ENDMSG 2221 @!@!@
@!@!@STARTMSG 2221:0 @!@!@
  line 136, col 22 to line 136, col 72 of module IdGeneratorByteCode: 24
@!@!@ENDMSG 2221 @!@!@
@!@!@STARTMSG 2221:0 @!@!@
  line 137, col 22 to line 137, col 79 of module IdGeneratorByteCode: 24
@!@!@ENDMSG 2221 @!@!@
@!@!@STARTMSG 2221:0 @!@!@
  line 138, col 22 to line 138, col 54 of module IdGeneratorByteCode: 24
@!@!@ENDMSG 2221 @!@!@
@!@!@STARTMSG 2221:0 @!@!@
  line 139, col 32 to line 139, col 42 of module IdGeneratorByteCode: 24
@!@!@ENDMSG 2221 @!@!@
@!@!@STARTMSG 2221:0 @!@!@
  line 142, col 17 to line 142, col 80 of module IdGeneratorByteCode: 36
@!@!@ENDMSG 2221 @!@!@
@!@!@STARTMSG 2221:0 @!@!@
  line 143, col 17 to line 143, col 69 of module IdGeneratorByteCode: 36
@!@!@ENDMSG 2221 @!@!@
@!@!@STARTMSG 2221:0 @!@!@
  line 145, col 28 to line 145, col 63 of module IdGeneratorByteCode: 0
@!@!@ENDMSG 2221 @!@!@
@!@!@STARTMSG 2221:0 @!@!@
  line 146, col 28 to line 146, col 61 of module IdGeneratorByteCode: 36
@!@!@ENDMSG 2221 @!@!@
@!@!@STARTMSG 2221:0 @!@!@
  line 147, col 17 to line 147, col 28 of module IdGeneratorByteCode: 36
@!@!@ENDMSG 2221 @!@!@
@!@!@STARTMSG 2221:0 @!@!@
  line 150, col 20 to line 150, col 51 of module IdGeneratorByteCode: 0
@!@!@ENDMSG 2221 @!@!@
@!@!@STARTMSG 2221:0 @!@!@
  line 151, col 20 to line 151, col 53 of module IdGeneratorByteCode: 0
@!@!@ENDMSG 2221 @!@!@
@!@!@STARTMSG 2221:0 @!@!@
  line 152, col 33 to line 152, col 38 of module IdGeneratorByteCode: 0
@!@!@ENDMSG 2221 @!@!@
@!@!@STARTMSG 2221:0 @!@!@
  line 152, col 41 to line 152, col 51 of module IdGeneratorByteCode: 0
@!@!@ENDMSG 2221 @!@!@
@!@!@STARTMSG 2221:0 @!@!@
  line 80, col 12 to line 80, col 15 of module IdGeneratorByteCode: 0
@!@!@ENDMSG 2221 @!@!@
@!@!@STARTMSG 2221:0 @!@!@
  line 80, col 18 to line 80, col 23 of module IdGeneratorByteCode: 0
@!@!@ENDMSG 2221 @!@!@
@!@!@STARTMSG 2221:0 @!@!@
  line 80, col 26 to line 80, col 36 of module IdGeneratorByteCode: 0
@!@!@ENDMSG 2221 @!@!@
@!@!@STARTMSG 2221:0 @!@!@
  line 80, col 39 to line 80, col 40 of module IdGeneratorByteCode: 0
@!@!@ENDMSG 2221 @!@!@
@!@!@STARTMSG 2221:0 @!@!@
  line 92, col 37 to line 92, col 77 of module IdGeneratorByteCode: 0
@!@!@ENDMSG 2221 @!@!@
@!@!@STARTMSG 2221:0 @!@!@
  line 93, col 37 to line 93, col 72 of module IdGeneratorByteCode: 20
@!@!@ENDMSG 2221 @!@!@
@!@!@STARTMSG 2221:0 @!@!@
  line 94, col 39 to line 94, col 42 of module IdGeneratorByteCode: 20
@!@!@ENDMSG 2221 @!@!@
@!@!@STARTMSG 2221:0 @!@!@
  line 94, col 45 to line 94, col 50 of module IdGeneratorByteCode: 20
@!@!@ENDMSG 2221 @!@!@
@!@!@STARTMSG 2221:0 @!@!@
  line 94, col 53 to line 94, col 63 of module IdGeneratorByteCode: 20
@!@!@ENDMSG 2221 @!@!@
@!@!@STARTMSG 2221:0 @!@!@
  line 98, col 25 to line 98, col 59 of module IdGeneratorByteCode: 0
@!@!@ENDMSG 2221 @!@!@
@!@!@STARTMSG 2221:0 @!@!@
  line 99, col 25 to line 99, col 60 of module IdGeneratorByteCode: 0
@!@!@ENDMSG 2221 @!@!@
@!@!@STARTMSG 2202:0 @!@!@
End of statistics.
@!@!@ENDMSG 2202 @!@!@
@!@!@STARTMSG 2200:0 @!@!@
Progress(18) at 2015-12-13 12:50:06: 221 states generated (125,094 s/min), 130 distinct states found (73,584 ds/min), 4 states left on queue.
@!@!@ENDMSG 2200 @!@!@
@!@!@STARTMSG 2199:0 @!@!@
221 states generated, 130 distinct states found, 4 states left on queue.
@!@!@ENDMSG 2199 @!@!@
@!@!@STARTMSG 2194:0 @!@!@
The depth of the complete state graph search is 18.
@!@!@ENDMSG 2194 @!@!@
@!@!@STARTMSG 2186:0 @!@!@
Finished. (2015-12-13 12:50:06)
@!@!@ENDMSG 2186 @!@!@
