@!@!@STARTMSG 2262:0 @!@!@
TLC2 Version 2.07 of 1 June 2015
@!@!@ENDMSG 2262 @!@!@
@!@!@STARTMSG 2187:0 @!@!@
Running in Model-Checking mode.
@!@!@ENDMSG 2187 @!@!@
@!@!@STARTMSG 2220:0 @!@!@
Starting SANY...
@!@!@ENDMSG 2220 @!@!@
Parsing file MC.tla
Parsing file IdGenerator.tla
Parsing file /Users/balopat/dev/toolbox/plugins/org.lamport.tlatools_1.0.0.201506011130/tla2sany/StandardModules/TLC.tla
Parsing file /Users/balopat/dev/toolbox/plugins/org.lamport.tlatools_1.0.0.201506011130/tla2sany/StandardModules/Integers.tla
Parsing file /Users/balopat/dev/toolbox/plugins/org.lamport.tlatools_1.0.0.201506011130/tla2sany/StandardModules/Naturals.tla
Parsing file /Users/balopat/dev/toolbox/plugins/org.lamport.tlatools_1.0.0.201506011130/tla2sany/StandardModules/Sequences.tla
Semantic processing of module Naturals
Semantic processing of module Integers
Semantic processing of module Sequences
Semantic processing of module TLC
Semantic processing of module IdGenerator
Semantic processing of module MC
@!@!@STARTMSG 2219:0 @!@!@
SANY finished.
@!@!@ENDMSG 2219 @!@!@
@!@!@STARTMSG 2185:0 @!@!@
Starting... (2015-12-04 17:50:58)
@!@!@ENDMSG 2185 @!@!@
@!@!@STARTMSG 2212:0 @!@!@
Implied-temporal checking--satisfiability problem has 1 branches.
@!@!@ENDMSG 2212 @!@!@
@!@!@STARTMSG 2189:0 @!@!@
Computing initial states...
@!@!@ENDMSG 2189 @!@!@
@!@!@STARTMSG 2190:0 @!@!@
Finished computing initial states: 1 distinct state generated.
@!@!@ENDMSG 2190 @!@!@
@!@!@STARTMSG 2110:1 @!@!@
Invariant inv_1449269457480164000 is violated.
@!@!@ENDMSG 2110 @!@!@
@!@!@STARTMSG 2121:1 @!@!@
The behavior up to this point is:
@!@!@ENDMSG 2121 @!@!@
@!@!@STARTMSG 2217:4 @!@!@
1: <Initial predicate>
/\ lastIdUsed = 42
/\ processIds = <<0, 0, 0>>
/\ pc = <<"update", "update", "update">>

@!@!@ENDMSG 2217 @!@!@
@!@!@STARTMSG 2217:4 @!@!@
2: <Action line 47, col 17 to line 50, col 39 of module IdGenerator>
/\ lastIdUsed = 43
/\ processIds = <<0, 0, 0>>
/\ pc = <<"sepRead", "update", "update">>

@!@!@ENDMSG 2217 @!@!@
@!@!@STARTMSG 2217:4 @!@!@
3: <Action line 52, col 18 to line 55, col 40 of module IdGenerator>
/\ lastIdUsed = 43
/\ processIds = <<43, 0, 0>>
/\ pc = <<"Done", "update", "update">>

@!@!@ENDMSG 2217 @!@!@
@!@!@STARTMSG 2217:4 @!@!@
4: <Action line 47, col 17 to line 50, col 39 of module IdGenerator>
/\ lastIdUsed = 44
/\ processIds = <<43, 0, 0>>
/\ pc = <<"Done", "sepRead", "update">>

@!@!@ENDMSG 2217 @!@!@
@!@!@STARTMSG 2217:4 @!@!@
5: <Action line 47, col 17 to line 50, col 39 of module IdGenerator>
/\ lastIdUsed = 45
/\ processIds = <<43, 0, 0>>
/\ pc = <<"Done", "sepRead", "sepRead">>

@!@!@ENDMSG 2217 @!@!@
@!@!@STARTMSG 2217:4 @!@!@
6: <Action line 52, col 18 to line 55, col 40 of module IdGenerator>
/\ lastIdUsed = 45
/\ processIds = <<43, 45, 0>>
/\ pc = <<"Done", "Done", "sepRead">>

@!@!@ENDMSG 2217 @!@!@
@!@!@STARTMSG 2217:4 @!@!@
7: <Action line 52, col 18 to line 55, col 40 of module IdGenerator>
/\ lastIdUsed = 45
/\ processIds = <<43, 45, 45>>
/\ pc = <<"Done", "Done", "Done">>

@!@!@ENDMSG 2217 @!@!@
@!@!@STARTMSG 2201:0 @!@!@
The coverage statistics at 2015-12-04 17:50:58
@!@!@ENDMSG 2201 @!@!@
@!@!@STARTMSG 2221:0 @!@!@
  line 38, col 12 to line 38, col 21 of module IdGenerator: 0
@!@!@ENDMSG 2221 @!@!@
@!@!@STARTMSG 2221:0 @!@!@
  line 38, col 24 to line 38, col 33 of module IdGenerator: 0
@!@!@ENDMSG 2221 @!@!@
@!@!@STARTMSG 2221:0 @!@!@
  line 38, col 36 to line 38, col 37 of module IdGenerator: 0
@!@!@ENDMSG 2221 @!@!@
@!@!@STARTMSG 2221:0 @!@!@
  line 48, col 20 to line 48, col 47 of module IdGenerator: 34
@!@!@ENDMSG 2221 @!@!@
@!@!@STARTMSG 2221:0 @!@!@
  line 49, col 20 to line 49, col 56 of module IdGenerator: 34
@!@!@ENDMSG 2221 @!@!@
@!@!@STARTMSG 2221:0 @!@!@
  line 50, col 30 to line 50, col 39 of module IdGenerator: 34
@!@!@ENDMSG 2221 @!@!@
@!@!@STARTMSG 2221:0 @!@!@
  line 53, col 21 to line 53, col 74 of module IdGenerator: 42
@!@!@ENDMSG 2221 @!@!@
@!@!@STARTMSG 2221:0 @!@!@
  line 54, col 21 to line 54, col 54 of module IdGenerator: 42
@!@!@ENDMSG 2221 @!@!@
@!@!@STARTMSG 2221:0 @!@!@
  line 55, col 31 to line 55, col 40 of module IdGenerator: 42
@!@!@ENDMSG 2221 @!@!@
@!@!@STARTMSG 2202:0 @!@!@
End of statistics.
@!@!@ENDMSG 2202 @!@!@
@!@!@STARTMSG 2200:0 @!@!@
Progress(7) at 2015-12-04 17:50:58: 77 states generated (87,169 s/min), 59 distinct states found (66,792 ds/min), 21 states left on queue.
@!@!@ENDMSG 2200 @!@!@
@!@!@STARTMSG 2199:0 @!@!@
77 states generated, 59 distinct states found, 21 states left on queue.
@!@!@ENDMSG 2199 @!@!@
@!@!@STARTMSG 2194:0 @!@!@
The depth of the complete state graph search is 7.
@!@!@ENDMSG 2194 @!@!@
@!@!@STARTMSG 2186:0 @!@!@
Finished. (2015-12-04 17:50:58)
@!@!@ENDMSG 2186 @!@!@
